[2026-03-17 00:25:00] [INFO] [utils.logger] - Created output directory: C:\Users\harsh\AppData\Local\Temp\pytest-of-harsh\pytest-0\test_report_generator_init0\test_output
[2026-03-17 00:25:00] [ERROR] [utils.logger] - Failed to create output directory: name 'cite' is not defined
[2026-03-17 00:25:01] [INFO] [utils.logger] - Created output directory: C:\Users\harsh\AppData\Local\Temp\pytest-of-harsh\pytest-0\test_generate_text_report0\test_output
[2026-03-17 00:25:01] [ERROR] [utils.logger] - Failed to create output directory: name 'cite' is not defined
[2026-03-17 00:25:01] [INFO] [utils.logger] - Created output directory: C:\Users\harsh\AppData\Local\Temp\pytest-of-harsh\pytest-0\test_generate_json_report0\test_output
[2026-03-17 00:25:01] [ERROR] [utils.logger] - Failed to create output directory: name 'cite' is not defined
[2026-03-17 00:25:01] [ERROR] [utils.logger] - Failed to create output directory: [WinError 3] The system cannot find the path specified: 'Z:\\'
[2026-03-17 00:25:15] [INFO] [utils.logger] - Created output directory: C:\Users\harsh\AppData\Local\Temp\pytest-of-harsh\pytest-1\test_report_generator_init0\test_output
[2026-03-17 00:25:15] [ERROR] [utils.logger] - Failed to create output directory: name 'cite' is not defined
[2026-03-17 00:25:15] [INFO] [utils.logger] - Created output directory: C:\Users\harsh\AppData\Local\Temp\pytest-of-harsh\pytest-1\test_generate_text_report0\test_output
[2026-03-17 00:25:15] [ERROR] [utils.logger] - Failed to create output directory: name 'cite' is not defined
[2026-03-17 00:25:15] [INFO] [utils.logger] - Created output directory: C:\Users\harsh\AppData\Local\Temp\pytest-of-harsh\pytest-1\test_generate_json_report0\test_output
[2026-03-17 00:25:15] [ERROR] [utils.logger] - Failed to create output directory: name 'cite' is not defined
[2026-03-17 00:25:15] [ERROR] [utils.logger] - Failed to create output directory: [WinError 3] The system cannot find the path specified: 'Z:\\'
[2026-03-17 00:25:29] [INFO] [utils.logger] - Created output directory: C:\Users\harsh\AppData\Local\Temp\pytest-of-harsh\pytest-2\test_report_generator_init0\test_output
[2026-03-17 00:25:29] [ERROR] [utils.logger] - Failed to create output directory: name 'cite' is not defined
[2026-03-17 00:25:29] [INFO] [utils.logger] - Created output directory: C:\Users\harsh\AppData\Local\Temp\pytest-of-harsh\pytest-2\test_generate_text_report0\test_output
[2026-03-17 00:25:29] [ERROR] [utils.logger] - Failed to create output directory: name 'cite' is not defined
[2026-03-17 00:25:29] [INFO] [utils.logger] - Created output directory: C:\Users\harsh\AppData\Local\Temp\pytest-of-harsh\pytest-2\test_generate_json_report0\test_output
[2026-03-17 00:25:29] [ERROR] [utils.logger] - Failed to create output directory: name 'cite' is not defined
[2026-03-17 00:25:29] [ERROR] [utils.logger] - Failed to create output directory: [WinError 3] The system cannot find the path specified: 'Z:\\'
[2026-03-17 00:26:23] [INFO] [utils.logger] - Created output directory: C:\Users\harsh\AppData\Local\Temp\pytest-of-harsh\pytest-3\test_report_generator_init0\test_output
[2026-03-17 00:26:23] [ERROR] [utils.logger] - Failed to create output directory: name 'cite' is not defined
[2026-03-17 00:26:23] [INFO] [utils.logger] - Created output directory: C:\Users\harsh\AppData\Local\Temp\pytest-of-harsh\pytest-3\test_generate_text_report0\test_output
[2026-03-17 00:26:23] [ERROR] [utils.logger] - Failed to create output directory: name 'cite' is not defined
[2026-03-17 00:26:23] [INFO] [utils.logger] - Created output directory: C:\Users\harsh\AppData\Local\Temp\pytest-of-harsh\pytest-3\test_generate_json_report0\test_output
[2026-03-17 00:26:23] [ERROR] [utils.logger] - Failed to create output directory: name 'cite' is not defined
[2026-03-17 00:26:23] [ERROR] [utils.logger] - Failed to create output directory: [WinError 3] The system cannot find the path specified: 'Z:\\'
[2026-03-17 00:26:39] [INFO] [utils.logger] - Created output directory: C:\Users\harsh\AppData\Local\Temp\pytest-of-harsh\pytest-4\test_report_generator_init0\test_output
[2026-03-17 00:26:39] [ERROR] [utils.logger] - Failed to create output directory: name 'cite' is not defined
[2026-03-17 00:26:39] [INFO] [utils.logger] - Created output directory: C:\Users\harsh\AppData\Local\Temp\pytest-of-harsh\pytest-4\test_generate_text_report0\test_output
[2026-03-17 00:26:39] [ERROR] [utils.logger] - Failed to create output directory: name 'cite' is not defined
[2026-03-17 00:26:39] [INFO] [utils.logger] - Created output directory: C:\Users\harsh\AppData\Local\Temp\pytest-of-harsh\pytest-4\test_generate_json_report0\test_output
[2026-03-17 00:26:39] [ERROR] [utils.logger] - Failed to create output directory: name 'cite' is not defined
[2026-03-17 00:26:39] [ERROR] [utils.logger] - Failed to create output directory: [WinError 3] The system cannot find the path specified: 'Z:\\'
[2026-03-17 00:26:54] [INFO] [utils.logger] - Created output directory: C:\Users\harsh\AppData\Local\Temp\pytest-of-harsh\pytest-5\test_report_generator_init0\test_output
[2026-03-17 00:26:54] [ERROR] [utils.logger] - Failed to create output directory: name 'cite' is not defined
[2026-03-17 00:26:55] [INFO] [utils.logger] - Created output directory: C:\Users\harsh\AppData\Local\Temp\pytest-of-harsh\pytest-5\test_generate_text_report0\test_output
[2026-03-17 00:26:55] [ERROR] [utils.logger] - Failed to create output directory: name 'cite' is not defined
[2026-03-17 00:26:55] [INFO] [utils.logger] - Created output directory: C:\Users\harsh\AppData\Local\Temp\pytest-of-harsh\pytest-5\test_generate_json_report0\test_output
[2026-03-17 00:26:55] [ERROR] [utils.logger] - Failed to create output directory: name 'cite' is not defined
[2026-03-17 00:26:55] [ERROR] [utils.logger] - Failed to create output directory: [WinError 3] The system cannot find the path specified: 'Z:\\'
[2026-03-17 00:27:08] [INFO] [utils.logger] - Created output directory: C:\Users\harsh\AppData\Local\Temp\pytest-of-harsh\pytest-6\test_report_generator_init0\test_output
[2026-03-17 00:27:08] [ERROR] [utils.logger] - Failed to create output directory: name 'cite' is not defined
[2026-03-17 00:27:09] [INFO] [utils.logger] - Created output directory: C:\Users\harsh\AppData\Local\Temp\pytest-of-harsh\pytest-6\test_generate_text_report0\test_output
[2026-03-17 00:27:09] [ERROR] [utils.logger] - Failed to create output directory: name 'cite' is not defined
[2026-03-17 00:27:09] [INFO] [utils.logger] - Created output directory: C:\Users\harsh\AppData\Local\Temp\pytest-of-harsh\pytest-6\test_generate_json_report0\test_output
[2026-03-17 00:27:09] [ERROR] [utils.logger] - Failed to create output directory: name 'cite' is not defined
[2026-03-17 00:27:09] [ERROR] [utils.logger] - Failed to create output directory: [WinError 3] The system cannot find the path specified: 'Z:\\'
[2026-03-17 00:27:23] [INFO] [utils.logger] - Created output directory: C:\Users\harsh\AppData\Local\Temp\pytest-of-harsh\pytest-7\test_report_generator_init0\test_output
[2026-03-17 00:27:23] [ERROR] [utils.logger] - Failed to create output directory: name 'cite' is not defined
[2026-03-17 00:27:23] [INFO] [utils.logger] - Created output directory: C:\Users\harsh\AppData\Local\Temp\pytest-of-harsh\pytest-7\test_generate_text_report0\test_output
[2026-03-17 00:27:23] [ERROR] [utils.logger] - Failed to create output directory: name 'cite' is not defined
[2026-03-17 00:27:23] [INFO] [utils.logger] - Created output directory: C:\Users\harsh\AppData\Local\Temp\pytest-of-harsh\pytest-7\test_generate_json_report0\test_output
[2026-03-17 00:27:23] [ERROR] [utils.logger] - Failed to create output directory: name 'cite' is not defined
[2026-03-17 00:27:23] [ERROR] [utils.logger] - Failed to create output directory: [WinError 3] The system cannot find the path specified: 'Z:\\'
[2026-03-17 00:27:50] [INFO] [utils.logger] - Created output directory: C:\Users\harsh\AppData\Local\Temp\pytest-of-harsh\pytest-8\test_report_generator_init0\test_output
[2026-03-17 00:27:50] [INFO] [utils.logger] - Created output directory: C:\Users\harsh\AppData\Local\Temp\pytest-of-harsh\pytest-8\test_generate_text_report0\test_output
[2026-03-17 00:27:50] [ERROR] [utils.logger] - Error generating text report: 'Logger' object has no attribute 'get_timestamp'
[2026-03-17 00:27:50] [INFO] [utils.logger] - Created output directory: C:\Users\harsh\AppData\Local\Temp\pytest-of-harsh\pytest-8\test_generate_json_report0\test_output
[2026-03-17 00:27:50] [INFO] [utils.logger] - JSON export successfully generated at C:\Users\harsh\AppData\Local\Temp\pytest-of-harsh\pytest-8\test_generate_json_report0\test_output\test_export.json
[2026-03-17 00:27:50] [ERROR] [utils.logger] - Failed to create output directory: [WinError 3] The system cannot find the path specified: 'Z:\\'
[2026-03-17 00:28:07] [INFO] [utils.logger] - Created output directory: C:\Users\harsh\AppData\Local\Temp\pytest-of-harsh\pytest-9\test_report_generator_init0\test_output
[2026-03-17 00:28:07] [INFO] [utils.logger] - Created output directory: C:\Users\harsh\AppData\Local\Temp\pytest-of-harsh\pytest-9\test_generate_text_report0\test_output
[2026-03-17 00:28:07] [ERROR] [utils.logger] - Error generating text report: 'Logger' object has no attribute 'get_timestamp'
[2026-03-17 00:28:07] [INFO] [utils.logger] - Created output directory: C:\Users\harsh\AppData\Local\Temp\pytest-of-harsh\pytest-9\test_generate_json_report0\test_output
[2026-03-17 00:28:07] [INFO] [utils.logger] - JSON export successfully generated at C:\Users\harsh\AppData\Local\Temp\pytest-of-harsh\pytest-9\test_generate_json_report0\test_output\test_export.json
[2026-03-17 00:28:07] [ERROR] [utils.logger] - Failed to create output directory: [WinError 3] The system cannot find the path specified: 'Z:\\'
[2026-03-17 00:28:22] [INFO] [utils.logger] - Created output directory: C:\Users\harsh\AppData\Local\Temp\pytest-of-harsh\pytest-10\test_report_generator_init0\test_output
[2026-03-17 00:28:22] [INFO] [utils.logger] - Created output directory: C:\Users\harsh\AppData\Local\Temp\pytest-of-harsh\pytest-10\test_generate_text_report0\test_output
[2026-03-17 00:28:22] [ERROR] [utils.logger] - Error generating text report: 'Logger' object has no attribute 'get_timestamp'
[2026-03-17 00:28:22] [INFO] [utils.logger] - Created output directory: C:\Users\harsh\AppData\Local\Temp\pytest-of-harsh\pytest-10\test_generate_json_report0\test_output
[2026-03-17 00:28:22] [INFO] [utils.logger] - JSON export successfully generated at C:\Users\harsh\AppData\Local\Temp\pytest-of-harsh\pytest-10\test_generate_json_report0\test_output\test_export.json
[2026-03-17 00:28:22] [ERROR] [utils.logger] - Failed to create output directory: [WinError 3] The system cannot find the path specified: 'Z:\\'
[2026-03-17 00:28:50] [INFO] [utils.logger] - Created output directory: C:\Users\harsh\AppData\Local\Temp\pytest-of-harsh\pytest-11\test_report_generator_init0\test_output
[2026-03-17 00:28:50] [INFO] [utils.logger] - Created output directory: C:\Users\harsh\AppData\Local\Temp\pytest-of-harsh\pytest-11\test_generate_text_report0\test_output
[2026-03-17 00:28:50] [INFO] [utils.logger] - Text report successfully generated at C:\Users\harsh\AppData\Local\Temp\pytest-of-harsh\pytest-11\test_generate_text_report0\test_output\test_report.txt
[2026-03-17 00:28:50] [INFO] [utils.logger] - Created output directory: C:\Users\harsh\AppData\Local\Temp\pytest-of-harsh\pytest-11\test_generate_json_report0\test_output
[2026-03-17 00:28:50] [INFO] [utils.logger] - JSON export successfully generated at C:\Users\harsh\AppData\Local\Temp\pytest-of-harsh\pytest-11\test_generate_json_report0\test_output\test_export.json
[2026-03-17 00:28:50] [ERROR] [utils.logger] - Failed to create output directory: [WinError 3] The system cannot find the path specified: 'Z:\\'
[2026-03-17 00:29:33] [INFO] [utils.logger] - Created output directory: output
[2026-03-17 00:29:33] [INFO] [utils.logger] - Loading file: data.csv
[2026-03-17 00:29:33] [INFO] [utils.logger] - Displayed summary to console.
[2026-03-17 00:29:34] [INFO] [utils.logger] - Text report successfully generated at output\report.txt
[2026-03-17 00:29:34] [INFO] [utils.logger] - JSON export successfully generated at output\export.json
[2026-03-17 00:29:34] [INFO] [utils.logger] - Loading file: invalid.csv
[2026-03-17 00:29:53] [INFO] [utils.logger] - Loading file: data.csv
[2026-03-17 00:29:53] [INFO] [utils.logger] - Displayed summary to console.
[2026-03-17 00:29:53] [INFO] [utils.logger] - Text report successfully generated at output\report.txt
[2026-03-17 00:29:53] [INFO] [utils.logger] - JSON export successfully generated at output\export.json
[2026-03-17 00:29:53] [INFO] [utils.logger] - Loading file: invalid.csv
[2026-03-17 00:30:08] [INFO] [utils.logger] - Loading file: data.csv
[2026-03-17 00:30:08] [INFO] [utils.logger] - Displayed summary to console.
[2026-03-17 00:30:09] [INFO] [utils.logger] - Text report successfully generated at output\report.txt
[2026-03-17 00:30:09] [INFO] [utils.logger] - JSON export successfully generated at output\export.json
[2026-03-17 00:30:09] [INFO] [utils.logger] - Loading file: invalid.csv
[2026-03-17 00:30:45] [INFO] [utils.logger] - Loading file: data.csv
[2026-03-17 00:30:45] [INFO] [utils.logger] - Displayed summary to console.
[2026-03-17 00:30:45] [INFO] [utils.logger] - Text report successfully generated at output\report.txt
[2026-03-17 00:30:45] [INFO] [utils.logger] - JSON export successfully generated at output\export.json
[2026-03-17 00:30:45] [INFO] [utils.logger] - Loading file: invalid.csv
[2026-03-17 00:31:02] [INFO] [utils.logger] - Loading file: data.csv
[2026-03-17 00:31:02] [INFO] [utils.logger] - Displayed summary to console.
[2026-03-17 00:31:02] [INFO] [utils.logger] - Text report successfully generated at output\report.txt
[2026-03-17 00:31:03] [INFO] [utils.logger] - JSON export successfully generated at output\export.json
[2026-03-17 00:31:03] [INFO] [utils.logger] - Loading file: invalid.csv
[2026-03-17 00:31:58] [INFO] [utils.logger] - Loading file: data.csv
[2026-03-17 00:32:52] [INFO] [utils.logger] - Loading file: data.csv
[2026-03-17 00:33:18] [INFO] [utils.logger] - Loading file: data.csv
[2026-03-17 00:33:18] [INFO] [utils.logger] - Loading file: invalid.csv
[2026-03-18 23:35:16] [INFO] [utils.logger] - Loading file: data.csv
[2026-03-18 23:35:16] [INFO] [utils.logger] - Loading file: invalid.csv
[2026-03-18 23:37:13] [INFO] [utils.logger] - Loading file: data.csv
[2026-03-18 23:37:13] [INFO] [utils.logger] - Loading file: invalid.csv
[2026-03-18 23:37:13] [INFO] [utils.logger] - Created output directory: C:\Users\harsh\AppData\Local\Temp\pytest-of-harsh\pytest-12\test_report_generator_init0\test_output
[2026-03-18 23:37:13] [INFO] [utils.logger] - Created output directory: C:\Users\harsh\AppData\Local\Temp\pytest-of-harsh\pytest-12\test_generate_text_report0\test_output
[2026-03-18 23:37:13] [INFO] [utils.logger] - Text report successfully generated at C:\Users\harsh\AppData\Local\Temp\pytest-of-harsh\pytest-12\test_generate_text_report0\test_output\test_report.txt
[2026-03-18 23:37:13] [INFO] [utils.logger] - Created output directory: C:\Users\harsh\AppData\Local\Temp\pytest-of-harsh\pytest-12\test_generate_json_report0\test_output
[2026-03-18 23:37:13] [INFO] [utils.logger] - JSON export successfully generated at C:\Users\harsh\AppData\Local\Temp\pytest-of-harsh\pytest-12\test_generate_json_report0\test_output\test_export.json
[2026-03-18 23:37:13] [ERROR] [utils.logger] - Failed to create output directory: [WinError 3] The system cannot find the path specified: 'Z:\\'
[2026-03-19 01:35:29] [INFO] [utils.logger] - Loading file: D:\Data processing\Data-Procession-Reporting-System\input\weight-height.csv
[2026-03-19 01:36:07] [ERROR] [utils.logger] - Operation failed: No data loaded. Call load_file() first.
[2026-03-19 01:38:37] [INFO] [utils.logger] - Loading file: D:\Data processing\Data-Procession-Reporting-System\input\weight-height.csv
[2026-03-19 01:38:49] [INFO] [utils.logger] - Displayed summary to console.
[2026-03-19 01:40:01] [INFO] [utils.logger] - Loading file: D:\Data processing\Data-Procession-Reporting-System\input\weight-height.csv
[2026-03-19 01:40:05] [INFO] [utils.logger] - Displayed summary to console.
[2026-03-19 01:41:34] [INFO] [utils.logger] - Text report successfully generated at output\report.txt
[2026-03-19 01:43:41] [INFO] [utils.logger] - JSON export successfully generated at output\export.json
[2026-03-19 11:48:08] [INFO] [utils.logger] - Loading file: D:\Data processing\Data-Procession-Reporting-System\input\weight-height.csv
[2026-03-19 11:48:44] [INFO] [utils.logger] - Displayed summary to console.
[2026-03-19 11:49:49] [INFO] [utils.logger] - Text report successfully generated at output\report.txt
[2026-03-19 11:50:27] [INFO] [utils.logger] - JSON export successfully generated at output\export.json
[2026-03-21 01:27:04] [INFO] [utils.logger] - Loading file: D:\Data processing\Data-Procession-Reporting-System\input\weight-height.csv
[2026-03-21 01:27:39] [INFO] [utils.logger] - Displayed summary to console.
